  linked list.c
C:\Users\k\Desktop\자료\4학년\1학기\컴공\데이타구조론\실습-데이타구조론\과제1-데이타구조론\Linked List\Linked List\linked list.c(32,21): warning C4133: '=': 'ListNode *'과(와) 'listNode *' 사이의 형식이 호환되지 않습니다.
C:\Users\k\Desktop\자료\4학년\1학기\컴공\데이타구조론\실습-데이타구조론\과제1-데이타구조론\Linked List\Linked List\linked list.c(33,23): warning C4133: '=': 'listNode *'과(와) 'ListNode *' 사이의 형식이 호환되지 않습니다.
C:\Users\k\Desktop\자료\4학년\1학기\컴공\데이타구조론\실습-데이타구조론\과제1-데이타구조론\Linked List\Linked List\linked list.c(45,14): warning C4133: '=': 'ListNode *'과(와) 'listNode *' 사이의 형식이 호환되지 않습니다.
C:\Users\k\Desktop\자료\4학년\1학기\컴공\데이타구조론\실습-데이타구조론\과제1-데이타구조론\Linked List\Linked List\linked list.c(54,15): warning C4013: 'gets'이(가) 정의되지 않았습니다. extern은 int형을 반환하는 것으로 간주합니다.
C:\Users\k\Desktop\자료\4학년\1학기\컴공\데이타구조론\실습-데이타구조론\과제1-데이타구조론\Linked List\Linked List\linked list.c(54,18): warning C4047: '함수': 'const char *'의 간접 참조 수준이 'int'과(와) 다릅니다.
C:\Users\k\Desktop\자료\4학년\1학기\컴공\데이타구조론\실습-데이타구조론\과제1-데이타구조론\Linked List\Linked List\linked list.c(54,15): warning C4024: 'atoi': 형식 및 실제 매개 변수 1의 형식이 서로 다릅니다.
C:\Users\k\Desktop\자료\4학년\1학기\컴공\데이타구조론\실습-데이타구조론\과제1-데이타구조론\Linked List\Linked List\linked list.c(57,23): warning C4133: 'return': 'char [30]'과(와) 'listNode *' 사이의 형식이 호환되지 않습니다.
C:\Users\k\Desktop\자료\4학년\1학기\컴공\데이타구조론\실습-데이타구조론\과제1-데이타구조론\Linked List\Linked List\linked list.c(60,15): warning C4133: '=': 'ListNode *'과(와) 'listNode *' 사이의 형식이 호환되지 않습니다.
C:\Users\k\Desktop\자료\4학년\1학기\컴공\데이타구조론\실습-데이타구조론\과제1-데이타구조론\Linked List\Linked List\linked list.c(77,8): warning C4013: 'strcpy'이(가) 정의되지 않았습니다. extern은 int형을 반환하는 것으로 간주합니다.
C:\Users\k\Desktop\자료\4학년\1학기\컴공\데이타구조론\실습-데이타구조론\과제1-데이타구조론\Linked List\Linked List\linked list.c(81,19): warning C4133: '함수': 'int [20]'과(와) 'const char *' 사이의 형식이 호환되지 않습니다.
C:\Users\k\Desktop\자료\4학년\1학기\컴공\데이타구조론\실습-데이타구조론\과제1-데이타구조론\Linked List\Linked List\linked list.c(88,22): warning C4047: '함수': 'int'의 간접 참조 수준이 'int [20]'과(와) 다릅니다.
C:\Users\k\Desktop\자료\4학년\1학기\컴공\데이타구조론\실습-데이타구조론\과제1-데이타구조론\Linked List\Linked List\linked list.c(88,17): warning C4024: 'search': 형식 및 실제 매개 변수 2의 형식이 서로 다릅니다.
C:\Users\k\Desktop\자료\4학년\1학기\컴공\데이타구조론\실습-데이타구조론\과제1-데이타구조론\Linked List\Linked List\linked list.c(93,22): warning C4133: '=': 'listNode *'과(와) 'ListNode *' 사이의 형식이 호환되지 않습니다.
C:\Users\k\Desktop\자료\4학년\1학기\컴공\데이타구조론\실습-데이타구조론\과제1-데이타구조론\Linked List\Linked List\linked list.c(108,47): warning C4133: '=': 'linkedList *'과(와) 'listNode *' 사이의 형식이 호환되지 않습니다.
C:\Users\k\Desktop\자료\4학년\1학기\컴공\데이타구조론\실습-데이타구조론\과제1-데이타구조론\Linked List\Linked List\linked list.c(109,45): warning C4133: '=': 'linkedList *'과(와) 'listNode *' 사이의 형식이 호환되지 않습니다.
C:\Users\k\Desktop\자료\4학년\1학기\컴공\데이타구조론\실습-데이타구조론\과제1-데이타구조론\Linked List\Linked List\linked list.c(116,21): warning C4133: '=': 'ListNode *'과(와) 'listNode *' 사이의 형식이 호환되지 않습니다.
C:\Users\k\Desktop\자료\4학년\1학기\컴공\데이타구조론\실습-데이타구조론\과제1-데이타구조론\Linked List\Linked List\linked list.c(121,25): warning C4133: '!=': 'listNode *'과(와) 'ListNode *' 사이의 형식이 호환되지 않습니다.
C:\Users\k\Desktop\자료\4학년\1학기\컴공\데이타구조론\실습-데이타구조론\과제1-데이타구조론\Linked List\Linked List\linked list.c(122,20): warning C4133: '=': 'ListNode *'과(와) 'listNode *' 사이의 형식이 호환되지 않습니다.
C:\Users\k\Desktop\자료\4학년\1학기\컴공\데이타구조론\실습-데이타구조론\과제1-데이타구조론\Linked List\Linked List\linked list.c(144,14): warning C4133: '=': 'ListNode *'과(와) 'listNode *' 사이의 형식이 호환되지 않습니다.
C:\Users\k\Desktop\자료\4학년\1학기\컴공\데이타구조론\실습-데이타구조론\과제1-데이타구조론\Linked List\Linked List\linked list.c(145,14): warning C4133: '=': 'listNode *'과(와) 'ListNode *' 사이의 형식이 호환되지 않습니다.
C:\Users\k\Desktop\자료\4학년\1학기\컴공\데이타구조론\실습-데이타구조론\과제1-데이타구조론\Linked List\Linked List\linked list.c(182,53): warning C4047: '함수': 'int'의 간접 참조 수준이 'char [20]'과(와) 다릅니다.
C:\Users\k\Desktop\자료\4학년\1학기\컴공\데이타구조론\실습-데이타구조론\과제1-데이타구조론\Linked List\Linked List\linked list.c(182,45): warning C4024: 'search': 형식 및 실제 매개 변수 2의 형식이 서로 다릅니다.
C:\Users\k\Desktop\자료\4학년\1학기\컴공\데이타구조론\실습-데이타구조론\과제1-데이타구조론\Linked List\Linked List\linked list.c(182,9): warning C4477: 'printf' : 서식 문자열 '%s'에 'char *' 형식의 인수가 필요하지만 variadic 인수 1의 형식이 'listNode *'입니다.
C:\Users\k\Desktop\자료\4학년\1학기\컴공\데이타구조론\실습-데이타구조론\과제1-데이타구조론\Linked List\Linked List\linked list.c(185,15): warning C4133: '함수': 'linkedList *'과(와) 'listNode *' 사이의 형식이 호환되지 않습니다.
C:\Users\k\Desktop\자료\4학년\1학기\컴공\데이타구조론\실습-데이타구조론\과제1-데이타구조론\Linked List\Linked List\linked list.c(189,19): warning C4047: '함수': 'int'의 간접 참조 수준이 'char [20]'과(와) 다릅니다.
C:\Users\k\Desktop\자료\4학년\1학기\컴공\데이타구조론\실습-데이타구조론\과제1-데이타구조론\Linked List\Linked List\linked list.c(189,11): warning C4024: 'delete': 형식 및 실제 매개 변수 2의 형식이 서로 다릅니다.
  Linked List.vcxproj -> C:\Users\k\Desktop\자료\4학년\1학기\컴공\데이타구조론\실습-데이타구조론\과제1-데이타구조론\Linked List\Debug\Linked List.exe
